<?xml version="1.0" encoding="UTF-8"?>
<!-- Generated by org.testng.reporters.JUnitXMLReporter -->
<testsuite ignored="0" hostname="Ktex03" failures="0" tests="3" name="Default test" time="14.728" errors="0" timestamp="2022-08-23T08:43:18 EDT">
  <testcase classname="com.project.qa.testcases.LoginPageTest" name="loginPageTitleTest" time="0.049"/>
  <testcase classname="com.project.qa.testcases.LoginPageTest" name="crmLogoImgTest" time="0.059"/>
  <testcase classname="com.project.qa.testcases.LoginPageTest" name="loginTest" time="3.232"/>
</testsuite> <!-- Default test -->
