<?xml version="1.0" encoding="UTF-8"?>
<!-- Generated by org.testng.reporters.JUnitXMLReporter -->
<testsuite ignored="0" hostname="Ktex03" failures="0" tests="15" name="Free Crm Application Test Cases" time="129.042" errors="0" timestamp="2022-07-08T20:54:19 EDT">
  <testcase classname="com.project.qa.testcases.LoginPageTest" name="loginPageTitleTest" time="0.065"/>
  <testcase classname="com.project.qa.testcases.LoginPageTest" name="crmLogoImgTest" time="0.13"/>
  <testcase classname="com.project.qa.testcases.LoginPageTest" name="loginTest" time="3.001"/>
  <testcase classname="com.project.qa.testcases.HomePageTest" name="homePageTitle" time="0.008"/>
  <testcase classname="com.project.qa.testcases.HomePageTest" name="verifyUserNameTest" time="0.1"/>
  <testcase classname="com.project.qa.testcases.HomePageTest" name="verifyContactslinkTest" time="0.628"/>
  <testcase classname="com.project.qa.testcases.HomePageTest" name="verifyDealsslinkTest" time="0.65"/>
  <testcase classname="com.project.qa.testcases.HomePageTest" name="verifyTaskslinkTest" time="0.597"/>
  <testcase classname="com.project.qa.testcases.ContactsPageTest" name="verifyContactsPageLable" time="0.033"/>
  <testcase classname="com.project.qa.testcases.ContactsPageTest" name="selectSingleContactTest" time="0.092"/>
  <testcase classname="com.project.qa.testcases.ContactsPageTest" name="selectMultipleContactList" time="0.225"/>
  <testcase classname="com.project.qa.testcases.ContactsPageTest" name="validateCreateContact" time="1.993"/>
  <testcase classname="com.project.qa.testcases.ContactsPageTest" name="validateCreateContact" time="2.053"/>
  <testcase classname="com.project.qa.testcases.ContactsPageTest" name="validateCreateContact" time="1.983"/>
  <testcase classname="com.project.qa.testcases.ContactsPageTest" name="validateCreateContact" time="2.146"/>
</testsuite> <!-- Free Crm Application Test Cases -->
