<?xml version="1.0" encoding="UTF-8"?>
<testsuite name="TestSuite" time="7.166" tests="15" errors="0" skipped="0" failures="0">
  <properties>
[...]
</properties>
  <testcase name="loginPageTitleTest" classname="com.project.qa.testcases.LoginPageTest" time="0.014"/>
  <testcase name="crmLogoImgTest" classname="com.project.qa.testcases.LoginPageTest" time="0.083"/>
  <testcase name="loginTest" classname="com.project.qa.testcases.LoginPageTest" time="3.134"/>
  <testcase name="homePageTitle" classname="com.project.qa.testcases.HomePageTest" time="0.009"/>
  <testcase name="verifyUserNameTest" classname="com.project.qa.testcases.HomePageTest" time="0.055"/>
  <testcase name="verifyContactslinkTest" classname="com.project.qa.testcases.HomePageTest" time="0.607"/>
  <testcase name="verifyDealsslinkTest" classname="com.project.qa.testcases.HomePageTest" time="0.614"/>
  <testcase name="verifyTaskslinkTest" classname="com.project.qa.testcases.HomePageTest" time="0.59"/>
  <testcase name="verifyContactsPageLable" classname="com.project.qa.testcases.ContactsPageTest" time="0.03"/>
  <testcase name="selectSingleContactTest" classname="com.project.qa.testcases.ContactsPageTest" time="0.08"/>
  <testcase name="selectMultipleContactList" classname="com.project.qa.testcases.ContactsPageTest" time="0.137"/>
  <testcase name="validateCreateContact" classname="com.project.qa.testcases.ContactsPageTest" time="1.813"/>
  <testcase name="validateCreateContact" classname="com.project.qa.testcases.ContactsPageTest" time="1.844"/>
  <testcase name="validateCreateContact" classname="com.project.qa.testcases.ContactsPageTest" time="1.847"/>
  <testcase name="validateCreateContact" classname="com.project.qa.testcases.ContactsPageTest" time="1.911"/>
</testsuite>